#
# There is insufficient memory for the Java Runtime Environment to continue.
# Native memory allocation (mmap) failed to map 134217728 bytes. Error detail: G1 virtual space
# Possible reasons:
#   The system is out of physical RAM or swap space
#   This process is running with CompressedOops enabled, and the Java Heap may be blocking the growth of the native heap
# Possible solutions:
#   Reduce memory load on the system
#   Increase physical memory or swap space
#   Check if swap backing store is full
#   Decrease Java heap size (-Xmx/-Xms)
#   Decrease number of Java threads
#   Decrease Java thread stack sizes (-Xss)
#   Set larger code cache with -XX:ReservedCodeCacheSize=
#   JVM is running with Unscaled Compressed Oops mode in which the Java heap is
#     placed in the first 4GB address space. The Java Heap base address is the
#     maximum limit for the native heap growth. Please use -XX:HeapBaseMinAddress
#     to set the Java Heap base and to place the Java Heap above 4GB virtual address.
# This output file may be truncated or incomplete.
#
#  Out of Memory Error (os_windows.cpp:3710), pid=49492, tid=41316
#
# JRE version:  (17.0.14+7) (build )
# Java VM: OpenJDK 64-Bit Server VM (17.0.14+7-LTS, mixed mode, sharing, tiered, compressed oops, compressed class ptrs, g1 gc, windows-amd64)
# No core dump will be written. Minidumps are not enabled by default on client versions of Windows
#

---------------  S U M M A R Y ------------

Command Line: com.google.prefab.cli.AppKt --build-system cmake --platform android --abi arm64-v8a --os-version 24 --stl c++_shared --ndk-version 27 --output C:\\Users\\KOUSIK~1\\AppData\\Local\\Temp\\agp-prefab-staging17788330943523573141\\staged-cli-output C:\\Users\\KousikAlam\\.gradle\\caches\\8.13\\transforms\\045d886366e3e60bf00b706c867bbe60\\transformed\\jetified-react-android-0.79.0-debug\\prefab C:\\Users\\KousikAlam\\.gradle\\caches\\8.13\\transforms\\b77ac38a2932519bd9b2cc1763cbadd0\\transformed\\jetified-hermes-android-0.79.0-debug\\prefab C:\\Users\\KousikAlam\\.gradle\\caches\\8.13\\transforms\\217ea5f21e271185bc519db38e6b984a\\transformed\\jetified-fbjni-0.7.0\\prefab

Host: Intel(R) Core(TM) i5-8250U CPU @ 1.60GHz, 8 cores, 7G,  Windows 10 , 64 bit Build 19041 (10.0.19041.5794)
Time: Wed Jun  4 01:14:06 2025 India Standard Time elapsed time: 0.019792 seconds (0d 0h 0m 0s)

---------------  T H R E A D  ---------------

Current thread (0x0000029da1e43330):  JavaThread "Unknown thread" [_thread_in_vm, id=41316, stack(0x000000c0fcf00000,0x000000c0fd000000)]

Stack: [0x000000c0fcf00000,0x000000c0fd000000]
Native frames: (J=compiled Java code, j=interpreted, Vv=VM code, C=native code)
V  [jvm.dll+0x6886b9]
V  [jvm.dll+0x83f6f8]
V  [jvm.dll+0x8411a3]
V  [jvm.dll+0x841813]
V  [jvm.dll+0x2495cf]
V  [jvm.dll+0x6855f9]
V  [jvm.dll+0x679a8a]
V  [jvm.dll+0x30afc7]
V  [jvm.dll+0x312536]
V  [jvm.dll+0x362eee]
V  [jvm.dll+0x36312d]
V  [jvm.dll+0x2e225c]
V  [jvm.dll+0x2e3174]
V  [jvm.dll+0x8115fb]
V  [jvm.dll+0x370c01]
V  [jvm.dll+0x7f00ef]
V  [jvm.dll+0x3f76ff]
V  [jvm.dll+0x3f9231]
C  [jli.dll+0x52a0]
C  [ucrtbase.dll+0x21bb2]
C  [KERNEL32.DLL+0x17374]
C  [ntdll.dll+0x4cc91]


---------------  P R O C E S S  ---------------

Threads class SMR info:
_java_thread_list=0x00007fff56b8efd8, length=0, elements={
}

Java Threads: ( => current thread )

Other Threads:
  0x0000029da1e9f4b0 GCTaskThread "GC Thread#0" [stack: 0x000000c0fd000000,0x000000c0fd100000] [id=57780]
  0x0000029da1eb10a0 ConcurrentGCThread "G1 Main Marker" [stack: 0x000000c0fd100000,0x000000c0fd200000] [id=36004]
  0x0000029da1eb2170 ConcurrentGCThread "G1 Conc#0" [stack: 0x000000c0fd200000,0x000000c0fd300000] [id=18572]

[error occurred during error reporting (printing all threads), id 0xc0000005, EXCEPTION_ACCESS_VIOLATION (0xc0000005) at pc=0x00007fff56342db7]

VM state: not at safepoint (not fully initialized)

VM Mutex/Monitor currently owned by a thread:  ([mutex/lock_event])
[0x0000029da1e3dc50] Heap_lock - owner thread: 0x0000029da1e43330

Heap address: 0x0000000081400000, size: 2028 MB, Compressed Oops mode: 32-bit

CDS archive(s) mapped at: [0x0000000000000000-0x0000000000000000-0x0000000000000000), size 0, SharedBaseAddress: 0x0000000800000000, ArchiveRelocationMode: 1.
Narrow klass base: 0x0000000000000000, Narrow klass shift: 0, Narrow klass range: 0x0

GC Precious Log:
<Empty>

Heap:
 garbage-first heap   total 0K, used 0K [0x0000000081400000, 0x0000000100000000)
  region size 1024K, 0 young (0K), 0 survivors (0K)

[error occurred during error reporting (printing heap information), id 0xc0000005, EXCEPTION_ACCESS_VIOLATION (0xc0000005) at pc=0x00007fff567322e9]

GC Heap History (0 events):
No events

Dll operation events (1 events):
Event: 0.010 Loaded shared library C:\Program Files\Microsoft\jdk-17.0.14.7-hotspot\bin\java.dll

Deoptimization events (0 events):
No events

Classes loaded (0 events):
No events

Classes unloaded (0 events):
No events

Classes redefined (0 events):
No events

Internal exceptions (0 events):
No events

VM Operations (0 events):
No events

Memory protections (0 events):
No events

Nmethod flushes (0 events):
No events

Events (0 events):
No events


Dynamic libraries:
0x00007ff7acb70000 - 0x00007ff7acb7e000 	C:\Program Files\Microsoft\jdk-17.0.14.7-hotspot\bin\java.exe
0x00007fffae2f0000 - 0x00007fffae4e8000 	C:\Windows\SYSTEM32\ntdll.dll
0x00007fffad750000 - 0x00007fffad812000 	C:\Windows\System32\KERNEL32.DLL
0x00007fffabb40000 - 0x00007fffabe36000 	C:\Windows\System32\KERNELBASE.dll
0x00007fffac0e0000 - 0x00007fffac1e0000 	C:\Windows\System32\ucrtbase.dll
0x00007fffa7ef0000 - 0x00007fffa7f07000 	C:\Program Files\Microsoft\jdk-17.0.14.7-hotspot\bin\jli.dll
0x00007fffa7ed0000 - 0x00007fffa7eed000 	C:\Program Files\Microsoft\jdk-17.0.14.7-hotspot\bin\VCRUNTIME140.dll
0x00007fffad340000 - 0x00007fffad4dd000 	C:\Windows\System32\USER32.dll
0x00007fffac270000 - 0x00007fffac292000 	C:\Windows\System32\win32u.dll
0x00007fffae1c0000 - 0x00007fffae1eb000 	C:\Windows\System32\GDI32.dll
0x00007fffabfc0000 - 0x00007fffac0da000 	C:\Windows\System32\gdi32full.dll
0x00007fff93d40000 - 0x00007fff93fda000 	C:\Windows\WinSxS\amd64_microsoft.windows.common-controls_6595b64144ccf1df_6.0.19041.5794_none_60bcd33171f2783c\COMCTL32.dll
0x00007fffabe70000 - 0x00007fffabf0d000 	C:\Windows\System32\msvcp_win.dll
0x00007fffac320000 - 0x00007fffac3be000 	C:\Windows\System32\msvcrt.dll
0x00007fffad8b0000 - 0x00007fffad8df000 	C:\Windows\System32\IMM32.DLL
0x0000000070d10000 - 0x0000000070d1c000 	C:\Program Files (x86)\360\Total Security\safemon\SafeWrapper.dll
0x00007fffad500000 - 0x00007fffad5af000 	C:\Windows\System32\ADVAPI32.dll
0x00007fffad290000 - 0x00007fffad32f000 	C:\Windows\System32\sechost.dll
0x00007fffac4d0000 - 0x00007fffac5f3000 	C:\Windows\System32\RPCRT4.dll
0x00007fffabe40000 - 0x00007fffabe67000 	C:\Windows\System32\bcrypt.dll
0x00007fff9f490000 - 0x00007fff9f53c000 	C:\Program Files (x86)\360\Total Security\safemon\libzdtp64.dll
0x00007fffac600000 - 0x00007fffacd6e000 	C:\Windows\System32\SHELL32.dll
0x00007fffae1f0000 - 0x00007fffae245000 	C:\Windows\System32\SHLWAPI.dll
0x00007fffab6c0000 - 0x00007fffab6ca000 	C:\Windows\SYSTEM32\VERSION.dll
0x00007fffa7ec0000 - 0x00007fffa7ecc000 	C:\Program Files\Microsoft\jdk-17.0.14.7-hotspot\bin\vcruntime140_1.dll
0x00007fff6c2d0000 - 0x00007fff6c35d000 	C:\Program Files\Microsoft\jdk-17.0.14.7-hotspot\bin\msvcp140.dll
0x00007fff56050000 - 0x00007fff56cc2000 	C:\Program Files\Microsoft\jdk-17.0.14.7-hotspot\bin\server\jvm.dll
0x00007fffadaf0000 - 0x00007fffadb5b000 	C:\Windows\System32\WS2_32.dll
0x00007fffaae60000 - 0x00007fffaaeab000 	C:\Windows\SYSTEM32\POWRPROF.dll
0x00007fff96920000 - 0x00007fff96947000 	C:\Windows\SYSTEM32\WINMM.dll
0x00007fffaad20000 - 0x00007fffaad32000 	C:\Windows\SYSTEM32\UMPDC.dll
0x00007fffaa130000 - 0x00007fffaa142000 	C:\Windows\SYSTEM32\kernel.appcore.dll
0x00007fffa7eb0000 - 0x00007fffa7eba000 	C:\Program Files\Microsoft\jdk-17.0.14.7-hotspot\bin\jimage.dll
0x00007fffa9680000 - 0x00007fffa9881000 	C:\Windows\SYSTEM32\DBGHELP.DLL
0x00007fffa1d10000 - 0x00007fffa1d44000 	C:\Windows\SYSTEM32\dbgcore.DLL
0x00007fffac1e0000 - 0x00007fffac262000 	C:\Windows\System32\bcryptPrimitives.dll
0x00007fffa58a0000 - 0x00007fffa58c5000 	C:\Program Files\Microsoft\jdk-17.0.14.7-hotspot\bin\java.dll

dbghelp: loaded successfully - version: 4.0.5 - missing functions: none
symbol engine: initialized successfully - sym options: 0x614 - pdb path: .;C:\Program Files\Microsoft\jdk-17.0.14.7-hotspot\bin;C:\Windows\SYSTEM32;C:\Windows\WinSxS\amd64_microsoft.windows.common-controls_6595b64144ccf1df_6.0.19041.5794_none_60bcd33171f2783c;C:\Program Files (x86)\360\Total Security\safemon;C:\Program Files\Microsoft\jdk-17.0.14.7-hotspot\bin\server

VM Arguments:
java_command: com.google.prefab.cli.AppKt --build-system cmake --platform android --abi arm64-v8a --os-version 24 --stl c++_shared --ndk-version 27 --output C:\\Users\\KOUSIK~1\\AppData\\Local\\Temp\\agp-prefab-staging17788330943523573141\\staged-cli-output C:\\Users\\KousikAlam\\.gradle\\caches\\8.13\\transforms\\045d886366e3e60bf00b706c867bbe60\\transformed\\jetified-react-android-0.79.0-debug\\prefab C:\\Users\\KousikAlam\\.gradle\\caches\\8.13\\transforms\\b77ac38a2932519bd9b2cc1763cbadd0\\transformed\\jetified-hermes-android-0.79.0-debug\\prefab C:\\Users\\KousikAlam\\.gradle\\caches\\8.13\\transforms\\217ea5f21e271185bc519db38e6b984a\\transformed\\jetified-fbjni-0.7.0\\prefab
java_class_path (initial): C:\\Users\\KousikAlam\\.gradle\\caches\\modules-2\\files-2.1\\com.google.prefab\\cli\\2.1.0\\aa32fec809c44fa531f01dcfb739b5b3304d3050\\cli-2.1.0-all.jar
Launcher Type: SUN_STANDARD

[Global flags]
     intx CICompilerCount                          = 4                                         {product} {ergonomic}
     uint ConcGCThreads                            = 2                                         {product} {ergonomic}
     uint G1ConcRefinementThreads                  = 8                                         {product} {ergonomic}
   size_t G1HeapRegionSize                         = 1048576                                   {product} {ergonomic}
    uintx GCDrainStackTargetSize                   = 64                                        {product} {ergonomic}
   size_t InitialHeapSize                          = 134217728                                 {product} {ergonomic}
   size_t MarkStackSize                            = 4194304                                   {product} {ergonomic}
   size_t MaxHeapSize                              = 2126512128                                {product} {ergonomic}
   size_t MinHeapDeltaBytes                        = 1048576                                   {product} {ergonomic}
   size_t MinHeapSize                              = 8388608                                   {product} {ergonomic}
    uintx NonNMethodCodeHeapSize                   = 5839372                                {pd product} {ergonomic}
    uintx NonProfiledCodeHeapSize                  = 122909434                              {pd product} {ergonomic}
    uintx ProfiledCodeHeapSize                     = 122909434                              {pd product} {ergonomic}
    uintx ReservedCodeCacheSize                    = 251658240                              {pd product} {ergonomic}
     bool SegmentedCodeCache                       = true                                      {product} {ergonomic}
   size_t SoftMaxHeapSize                          = 2126512128                             {manageable} {ergonomic}
     bool UseCompressedClassPointers               = true                           {product lp64_product} {ergonomic}
     bool UseCompressedOops                        = true                           {product lp64_product} {ergonomic}
     bool UseG1GC                                  = true                                      {product} {ergonomic}
     bool UseLargePagesIndividualAllocation        = false                                  {pd product} {ergonomic}

Logging:
Log output configuration:
 #0: stdout all=warning uptime,level,tags
 #1: stderr all=off uptime,level,tags

Environment Variables:
JAVA_HOME=C:\Program Files\Microsoft\jdk-17.0.14.7-hotspot\
CLASSPATH=D:\reactnative\New folder (2)\mrenglish\android\\gradle\wrapper\gradle-wrapper.jar
PATH=D:\reactnative\New folder (2)\mrenglish\node_modules\.bin;D:\reactnative\New folder (2)\mrenglish\node_modules\.bin;D:\reactnative\New folder (2)\node_modules\.bin;D:\reactnative\node_modules\.bin;D:\node_modules\.bin;C:\Program Files\nodejs\node_modules\npm\node_modules\@npmcli\run-script\lib\node-gyp-bin;c:\Users\CoddingIsLove\AppData\Local\Programs\cursor\resources\app\bin;C:\Program Files\Microsoft\jdk-17.0.14.7-hotspot\bin;C:\Windows\system32;C:\Windows;C:\Windows\System32\Wbem;C:\Windows\System32\WindowsPowerShell\v1.0\;C:\Windows\System32\OpenSSH\;C:\Program Files (x86)\Git\cmd;C:\ProgramData\chocolatey\bin;C:\Program Files\nodejs\;C:\Users\CoddingIsLove\AppData\Local\Microsoft\WindowsApps;C:\Users\CoddingIsLove\AppData\Local\GitHubDesktop\bin;C:\Users\\CoddingIsLove\AppData\Local\Programs\cursor\resources\app\bin;C:\Users\\CoddingIsLove\AppData\Roaming\npm;C:\Users\\CoddingIsLove\Downloads\platform-tools-latest-windows\platform-tools;C:\Users\\CoddingIsLove\AppData\Local\Android\Sdk\platform-tools;C:\Users\CoddingIsLove\AppData\Local\Programs\cursor\resources\app\bin;c:\Users\CoddingIsLove\AppData\Local\Programs\cursor\resources\app\bin;c:\Users\CoddingIsLove\AppData\Local\Programs\cursor\resources\app\bin;C:\Users\KousikAlam\AppData\Local\Microsoft\WindowsApps;C:\Users\KousikAlam\AppData\Local\Microsoft\WinGet\Packages\Schniz.fnm_Microsoft.Winget.Source_8wekyb3d8bbwe;C:\Users\KousikAlam\AppData\Local\Programs\Microsoft VS Code\bin;C:\Users\KousikAlam\AppData\Local\Programs\cursor\resources\app\bin
USERNAME=KousikAlam
LANG=en_US.UTF-8
OS=Windows_NT
PROCESSOR_IDENTIFIER=Intel64 Family 6 Model 142 Stepping 10, GenuineIntel
TMP=C:\Users\KOUSIK~1\AppData\Local\Temp
TEMP=C:\Users\KOUSIK~1\AppData\Local\Temp



Periodic native trim disabled


---------------  S Y S T E M  ---------------

OS:
 Windows 10 , 64 bit Build 19041 (10.0.19041.5794)
OS uptime: 2 days 23:44 hours

CPU: total 8 (initial active 8) (4 cores per cpu, 2 threads per core) family 6 model 142 stepping 10 microcode 0xf0, cx8, cmov, fxsr, ht, mmx, 3dnowpref, sse, sse2, sse3, ssse3, sse4.1, sse4.2, popcnt, lzcnt, tsc, tscinvbit, avx, avx2, aes, erms, clmul, bmi1, bmi2, adx, fma, vzeroupper, clflush, clflushopt
Processor Information for the first 8 processors :
  Max Mhz: 1801, Current Mhz: 1801, Mhz Limit: 1801

Memory: 4k page, system-wide physical 8107M (470M free)
TotalPageFile size 19961M (AvailPageFile size 114M)
current process WorkingSet (physical memory assigned to process): 11M, peak: 11M
current process commit charge ("private bytes"): 60M, peak: 188M

vm_info: OpenJDK 64-Bit Server VM (17.0.14+7-LTS) for windows-amd64 JRE (17.0.14+7-LTS), built on Jan  8 2025 23:39:28 by "MicrosoftCorporation" with unknown MS VC++:1939

END.
